<?xml version="1.0" encoding="UTF-8"?>
<testng-results total="1" passed="1" failed="0" skipped="0">
  <reporter-output>
  </reporter-output>
  <suite started-at="2022-11-03T10:13:39Z" name="Default suite" finished-at="2022-11-03T10:13:50Z" duration-ms="11067">
    <groups>
    </groups>
    <test started-at="2022-11-03T10:13:39Z" name="Default test" finished-at="2022-11-03T10:13:50Z" duration-ms="11067">
      <class name="com.example.NewTest">
        <test-method is-config="true" signature="beforeMethod()[pri:0, instance:com.example.NewTest@2931522b]" started-at="2022-11-03T15:43:39Z" name="beforeMethod" finished-at="2022-11-03T15:43:44Z" duration-ms="5297" status="PASS">
          <reporter-output>
          </reporter-output>
        </test-method> <!-- beforeMethod -->
        <test-method signature="navigateToAUrl()[pri:0, instance:com.example.NewTest@2931522b]" started-at="2022-11-03T15:43:44Z" name="navigateToAUrl" finished-at="2022-11-03T15:43:49Z" duration-ms="4884" status="PASS">
          <reporter-output>
          </reporter-output>
        </test-method> <!-- navigateToAUrl -->
        <test-method is-config="true" signature="afterMethod()[pri:0, instance:com.example.NewTest@2931522b]" started-at="2022-11-03T15:43:49Z" name="afterMethod" finished-at="2022-11-03T15:43:50Z" duration-ms="855" status="PASS">
          <reporter-output>
          </reporter-output>
        </test-method> <!-- afterMethod -->
      </class> <!-- com.example.NewTest -->
    </test> <!-- Default test -->
  </suite> <!-- Default suite -->
</testng-results>
